Engine-Match 27 December 2018 23:28:50
 Tournament Game in 5 Minutes 

Pairing 1/1 :    AnMon 5.75  -  Vengeance

PGN-File: C:\Program Files (x86)\Arena\Arena.pgn

No:  B/W 1/2     W:B       1:2           Time        Value Moves Dep 1:2       1-2-Draws
   1 = =    0.5:0.5        0.5:0.5       23:31:42    +0.43     2 14.000 :0 0-0-1

--------------------------------------------------------------

Engine-Match 27 December 2018 23:35:39
 Tournament Game in 5 Minutes 

Pairing 1/1 :    AnMon 5.75  -  Vengeance

PGN-File: C:\Program Files (x86)\Arena\Arena.pgn

No:  B/W 1/2     W:B       1:2           Time        Value Moves Dep 1:2       1-2-Draws
   4 * *     1.5:1.5        1.5:1.5       23:37:54    -0.02     1 13.000 :0 0-0-3

--------------------------------------------------------------

Engine-Match 27 December 2018 18:18:02
 Tournament Game in 5 Minutes 

Pairing 1/1 :    Ruffian 1.0.5  -  Vengeance

PGN-File: C:\Program Files (x86)\Arena\Arena.pgn

No:  B/W 1/2     W:B       1:2           Time        Value Moves Dep 1:2       1-2-Draws
   2 = =    0.5:0.5        1.5:0.5       18:18:25     0.00     0 0:0 1-0-1
   3 * *     0.5:0.5        1.5:0.5       18:18:48     0.00     1 0:0 1-0-1

--------------------------------------------------------------

Engine-Match 27 December 2018 18:18:59
 Tournament Game in 5 Minutes 

Pairing 1/1 :    Ruffian 1.0.5  -  Vengeance

PGN-File: C:\Program Files (x86)\Arena\Arena.pgn

No:  B/W 1/2     W:B       1:2           Time        Value Moves Dep 1:2       1-2-Draws
   3 W 1    1.5:0.5        2.5:0.5       18:24:04     0.00     2 0:0 2-0-1
